<?xml version="1.0" encoding="UTF-8"?>
<!-- Generated by org.testng.reporters.JUnitReportReporter -->
<testsuite skipped="0" hostname="DESKTOP-I3BMSVM" name="testcase.SearchFunctionality" tests="1" failures="0" timestamp="2021-03-02T22:47:23 CET" time="136.493" errors="0">
  <testcase name="searchTest" time="136.493" classname="testcase.SearchFunctionality"/>
  <system-out/>
</testsuite> <!-- testcase.SearchFunctionality -->
